<?xml version="1.0" encoding="UTF-8" ?>
<testsuites>
  <testsuite errors="0" failures="1" hostname="home-t39v8elt3m" id="0" name="TestIBatis" package="com.kurui.test.ibatis" tests="1" time="1.25" timestamp="2011-12-07T15:14:37">
      <properties>
[...]
</properties>

      <testcase classname="junit.framework.TestSuite$1" name="warning" time="0.016">
          <failure message="No tests found in com.kurui.test.ibatis.TestIBatis" type="junit.framework.AssertionFailedError">junit.framework.AssertionFailedError: No tests found in com.kurui.test.ibatis.TestIBatis
	at org.eclipse.ant.internal.ui.antsupport.EclipseDefaultExecutor.executeTargets(EclipseDefaultExecutor.java:32)
	at org.eclipse.ant.internal.ui.antsupport.InternalAntRunner.run(InternalAntRunner.java:423)
	at org.eclipse.ant.internal.ui.antsupport.InternalAntRunner.main(InternalAntRunner.java:137)
</failure>

      </testcase>

      <system-out />

      <system-err />

  </testsuite>
</testsuites>
